\BOOKMARK [1][-]{section.1}{\376\377\000I\000n\000t\000r\000o\000d\000u\000c\000t\000i\000o\000n}{}% 1
\BOOKMARK [2][-]{subsection.1.1}{\376\377\000U\000n\000i\000t\000s\000\040\000a\000n\000d\000\040\000C\000o\000n\000v\000e\000n\000t\000i\000o\000n\000s}{section.1}% 2
\BOOKMARK [1][-]{section.2}{\376\377\000V\000e\000c\000t\000o\000r\000\040\000S\000p\000a\000c\000e\000s\000\040\000a\000n\000d\000\040\000H\000i\000l\000b\000e\000r\000t\000\040\000S\000p\000a\000c\000e\000\040\000S\000t\000r\000u\000c\000t\000u\000r\000e}{}% 3
\BOOKMARK [2][-]{subsection.2.1}{\376\377\000A\000b\000s\000t\000r\000a\000c\000t\000\040\000V\000e\000c\000t\000o\000r\000\040\000S\000p\000a\000c\000e\000s}{section.2}% 4
\BOOKMARK [2][-]{subsection.2.2}{\376\377\000I\000n\000n\000e\000r\000\040\000P\000r\000o\000d\000u\000c\000t\000\040\000S\000p\000a\000c\000e\000s}{section.2}% 5
\BOOKMARK [2][-]{subsection.2.3}{\376\377\000H\000i\000l\000b\000e\000r\000t\000\040\000S\000p\000a\000c\000e\000s\000\040\000i\000n\000\040\000Q\000u\000a\000n\000t\000u\000m\000\040\000M\000e\000c\000h\000a\000n\000i\000c\000s}{section.2}% 6
\BOOKMARK [3][-]{subsubsection.2.3.1}{\376\377\000P\000o\000s\000i\000t\000i\000o\000n\000\040\000S\000p\000a\000c\000e\000\040\000R\000e\000p\000r\000e\000s\000e\000n\000t\000a\000t\000i\000o\000n}{subsection.2.3}% 7
\BOOKMARK [3][-]{subsubsection.2.3.2}{\376\377\000M\000o\000m\000e\000n\000t\000u\000m\000\040\000S\000p\000a\000c\000e\000\040\000R\000e\000p\000r\000e\000s\000e\000n\000t\000a\000t\000i\000o\000n}{subsection.2.3}% 8
\BOOKMARK [2][-]{subsection.2.4}{\376\377\000O\000p\000e\000r\000a\000t\000o\000r\000s\000\040\000o\000n\000\040\000H\000i\000l\000b\000e\000r\000t\000\040\000S\000p\000a\000c\000e\000s}{section.2}% 9
\BOOKMARK [3][-]{subsubsection.2.4.1}{\376\377\000H\000e\000r\000m\000i\000t\000i\000a\000n\000\040\000\050\000S\000e\000l\000f\000-\000A\000d\000j\000o\000i\000n\000t\000\051\000\040\000O\000p\000e\000r\000a\000t\000o\000r\000s}{subsection.2.4}% 10
\BOOKMARK [3][-]{subsubsection.2.4.2}{\376\377\000F\000u\000n\000d\000a\000m\000e\000n\000t\000a\000l\000\040\000O\000p\000e\000r\000a\000t\000o\000r\000s}{subsection.2.4}% 11
\BOOKMARK [2][-]{subsection.2.5}{\376\377\000T\000e\000n\000s\000o\000r\000\040\000P\000r\000o\000d\000u\000c\000t\000\040\000S\000t\000r\000u\000c\000t\000u\000r\000e\000\040\000f\000o\000r\000\040\000M\000u\000l\000t\000i\000-\000P\000a\000r\000t\000i\000c\000l\000e\000\040\000S\000y\000s\000t\000e\000m\000s}{section.2}% 12
\BOOKMARK [1][-]{section.3}{\376\377\000S\000p\000e\000c\000i\000a\000l\000\040\000F\000u\000n\000c\000t\000i\000o\000n\000s\000\040\000i\000n\000\040\000Q\000u\000a\000n\000t\000u\000m\000\040\000M\000e\000c\000h\000a\000n\000i\000c\000s}{}% 13
\BOOKMARK [2][-]{subsection.3.1}{\376\377\000S\000p\000h\000e\000r\000i\000c\000a\000l\000\040\000H\000a\000r\000m\000o\000n\000i\000c\000s}{section.3}% 14
\BOOKMARK [3][-]{subsubsection.3.1.1}{\376\377\000A\000s\000s\000o\000c\000i\000a\000t\000e\000d\000\040\000L\000e\000g\000e\000n\000d\000r\000e\000\040\000P\000o\000l\000y\000n\000o\000m\000i\000a\000l\000s}{subsection.3.1}% 15
\BOOKMARK [2][-]{subsection.3.2}{\376\377\000G\000e\000n\000e\000r\000a\000l\000i\000z\000e\000d\000\040\000L\000a\000g\000u\000e\000r\000r\000e\000\040\000P\000o\000l\000y\000n\000o\000m\000i\000a\000l\000s}{section.3}% 16
\BOOKMARK [2][-]{subsection.3.3}{\376\377\000H\000e\000r\000m\000i\000t\000e\000\040\000P\000o\000l\000y\000n\000o\000m\000i\000a\000l\000s}{section.3}% 17
\BOOKMARK [2][-]{subsection.3.4}{\376\377\000B\000e\000s\000s\000e\000l\000\040\000F\000u\000n\000c\000t\000i\000o\000n\000s}{section.3}% 18
\BOOKMARK [3][-]{subsubsection.3.4.1}{\376\377\000S\000p\000h\000e\000r\000i\000c\000a\000l\000\040\000B\000e\000s\000s\000e\000l\000\040\000F\000u\000n\000c\000t\000i\000o\000n\000s}{subsection.3.4}% 19
\BOOKMARK [2][-]{subsection.3.5}{\376\377\000H\000y\000p\000e\000r\000g\000e\000o\000m\000e\000t\000r\000i\000c\000\040\000F\000u\000n\000c\000t\000i\000o\000n\000s}{section.3}% 20
\BOOKMARK [1][-]{section.4}{\376\377\000R\000e\000s\000i\000d\000u\000e\000\040\000T\000h\000e\000o\000r\000e\000m\000s\000\040\000a\000n\000d\000\040\000C\000o\000m\000p\000l\000e\000x\000\040\000A\000n\000a\000l\000y\000s\000i\000s}{}% 21
\BOOKMARK [2][-]{subsection.4.1}{\376\377\000C\000o\000n\000t\000o\000u\000r\000\040\000I\000n\000t\000e\000g\000r\000a\000t\000i\000o\000n\000\040\000F\000u\000n\000d\000a\000m\000e\000n\000t\000a\000l\000s}{section.4}% 22
\BOOKMARK [2][-]{subsection.4.2}{\376\377\000R\000e\000s\000i\000d\000u\000e\000\040\000T\000h\000e\000o\000r\000e\000m}{section.4}% 23
\BOOKMARK [2][-]{subsection.4.3}{\376\377\000A\000p\000p\000l\000i\000c\000a\000t\000i\000o\000n\000:\000\040\000F\000r\000e\000e\000-\000P\000a\000r\000t\000i\000c\000l\000e\000\040\000P\000r\000o\000p\000a\000g\000a\000t\000o\000r}{section.4}% 24
\BOOKMARK [2][-]{subsection.4.4}{\376\377\000A\000p\000p\000l\000i\000c\000a\000t\000i\000o\000n\000:\000\040\000S\000c\000a\000t\000t\000e\000r\000i\000n\000g\000\040\000A\000m\000p\000l\000i\000t\000u\000d\000e}{section.4}% 25
\BOOKMARK [2][-]{subsection.4.5}{\376\377\000D\000i\000s\000p\000e\000r\000s\000i\000o\000n\000\040\000R\000e\000l\000a\000t\000i\000o\000n\000s}{section.4}% 26
\BOOKMARK [1][-]{section.5}{\376\377\000T\000h\000e\000\040\000S\000c\000h\000r\000\366\000d\000i\000n\000g\000e\000r\000\040\000E\000q\000u\000a\000t\000i\000o\000n\000\040\000i\000n\000\040\0003\000D}{}% 27
\BOOKMARK [2][-]{subsection.5.1}{\376\377\000T\000i\000m\000e\000-\000I\000n\000d\000e\000p\000e\000n\000d\000e\000n\000t\000\040\000S\000c\000h\000r\000\366\000d\000i\000n\000g\000e\000r\000\040\000E\000q\000u\000a\000t\000i\000o\000n}{section.5}% 28
\BOOKMARK [2][-]{subsection.5.2}{\376\377\000S\000e\000p\000a\000r\000a\000t\000i\000o\000n\000\040\000o\000f\000\040\000V\000a\000r\000i\000a\000b\000l\000e\000s}{section.5}% 29
\BOOKMARK [3][-]{subsubsection.5.2.1}{\376\377\000R\000a\000d\000i\000a\000l\000\040\000E\000q\000u\000a\000t\000i\000o\000n}{subsection.5.2}% 30
\BOOKMARK [2][-]{subsection.5.3}{\376\377\000H\000y\000d\000r\000o\000g\000e\000n\000\040\000A\000t\000o\000m\000\040\000S\000o\000l\000u\000t\000i\000o\000n}{section.5}% 31
\BOOKMARK [2][-]{subsection.5.4}{\376\377\000T\000i\000m\000e\000-\000D\000e\000p\000e\000n\000d\000e\000n\000t\000\040\000S\000c\000h\000r\000\366\000d\000i\000n\000g\000e\000r\000\040\000E\000q\000u\000a\000t\000i\000o\000n}{section.5}% 32
\BOOKMARK [1][-]{section.6}{\376\377\000R\000e\000l\000a\000t\000i\000v\000i\000s\000t\000i\000c\000\040\000E\000x\000t\000e\000n\000s\000i\000o\000n\000:\000\040\000F\000r\000o\000m\000\040\000S\000c\000h\000r\000\366\000d\000i\000n\000g\000e\000r\000\040\000t\000o\000\040\000D\000i\000r\000a\000c}{}% 33
\BOOKMARK [2][-]{subsection.6.1}{\376\377\000R\000e\000l\000a\000t\000i\000v\000i\000s\000t\000i\000c\000\040\000E\000n\000e\000r\000g\000y\000-\000M\000o\000m\000e\000n\000t\000u\000m\000\040\000R\000e\000l\000a\000t\000i\000o\000n}{section.6}% 34
\BOOKMARK [2][-]{subsection.6.2}{\376\377\000K\000l\000e\000i\000n\000-\000G\000o\000r\000d\000o\000n\000\040\000E\000q\000u\000a\000t\000i\000o\000n}{section.6}% 35
\BOOKMARK [3][-]{subsubsection.6.2.1}{\376\377\000P\000r\000o\000b\000l\000e\000m\000s\000\040\000w\000i\000t\000h\000\040\000K\000l\000e\000i\000n\000-\000G\000o\000r\000d\000o\000n}{subsection.6.2}% 36
\BOOKMARK [2][-]{subsection.6.3}{\376\377\000T\000h\000e\000\040\000D\000i\000r\000a\000c\000\040\000E\000q\000u\000a\000t\000i\000o\000n}{section.6}% 37
\BOOKMARK [2][-]{subsection.6.4}{\376\377\000C\000o\000v\000a\000r\000i\000a\000n\000t\000\040\000F\000o\000r\000m\000\040\000o\000f\000\040\000t\000h\000e\000\040\000D\000i\000r\000a\000c\000\040\000E\000q\000u\000a\000t\000i\000o\000n}{section.6}% 38
\BOOKMARK [2][-]{subsection.6.5}{\376\377\000S\000o\000l\000u\000t\000i\000o\000n\000s\000\040\000o\000f\000\040\000t\000h\000e\000\040\000F\000r\000e\000e\000\040\000D\000i\000r\000a\000c\000\040\000E\000q\000u\000a\000t\000i\000o\000n}{section.6}% 39
\BOOKMARK [3][-]{subsubsection.6.5.1}{\376\377\000E\000x\000p\000l\000i\000c\000i\000t\000\040\000S\000p\000i\000n\000o\000r\000\040\000S\000o\000l\000u\000t\000i\000o\000n\000s}{subsection.6.5}% 40
\BOOKMARK [2][-]{subsection.6.6}{\376\377\000P\000h\000y\000s\000i\000c\000a\000l\000\040\000I\000n\000t\000e\000r\000p\000r\000e\000t\000a\000t\000i\000o\000n}{section.6}% 41
\BOOKMARK [2][-]{subsection.6.7}{\376\377\000D\000i\000r\000a\000c\000\040\000E\000q\000u\000a\000t\000i\000o\000n\000\040\000i\000n\000\040\000E\000x\000t\000e\000r\000n\000a\000l\000\040\000E\000l\000e\000c\000t\000r\000o\000m\000a\000g\000n\000e\000t\000i\000c\000\040\000F\000i\000e\000l\000d}{section.6}% 42
\BOOKMARK [2][-]{subsection.6.8}{\376\377\000N\000o\000n\000-\000R\000e\000l\000a\000t\000i\000v\000i\000s\000t\000i\000c\000\040\000L\000i\000m\000i\000t\000:\000\040\000P\000a\000u\000l\000i\000\040\000E\000q\000u\000a\000t\000i\000o\000n}{section.6}% 43
\BOOKMARK [2][-]{subsection.6.9}{\376\377\000R\000e\000l\000a\000t\000i\000v\000i\000s\000t\000i\000c\000\040\000H\000y\000d\000r\000o\000g\000e\000n\000\040\000A\000t\000o\000m}{section.6}% 44
\BOOKMARK [1][-]{section.7}{\376\377\000C\000l\000a\000s\000s\000i\000c\000a\000l\000\040\000v\000s\000\040\000Q\000u\000a\000n\000t\000u\000m\000\040\000S\000i\000m\000u\000l\000a\000t\000i\000o\000n\000:\000\040\000M\000a\000t\000h\000e\000m\000a\000t\000i\000c\000a\000l\000\040\000C\000o\000m\000p\000a\000r\000i\000s\000o\000n}{}% 45
\BOOKMARK [2][-]{subsection.7.1}{\376\377\000C\000l\000a\000s\000s\000i\000c\000a\000l\000\040\000A\000p\000p\000r\000o\000a\000c\000h}{section.7}% 46
\BOOKMARK [3][-]{subsubsection.7.1.1}{\376\377\000E\000q\000u\000a\000t\000i\000o\000n\000s\000\040\000o\000f\000\040\000M\000o\000t\000i\000o\000n}{subsection.7.1}% 47
\BOOKMARK [3][-]{subsubsection.7.1.2}{\376\377\000V\000e\000l\000o\000c\000i\000t\000y\000\040\000V\000e\000r\000l\000e\000t\000\040\000I\000n\000t\000e\000g\000r\000a\000t\000i\000o\000n}{subsection.7.1}% 48
\BOOKMARK [3][-]{subsubsection.7.1.3}{\376\377\000B\000o\000h\000r\000\040\000M\000o\000d\000e\000l}{subsection.7.1}% 49
\BOOKMARK [2][-]{subsection.7.2}{\376\377\000Q\000u\000a\000n\000t\000u\000m\000\040\000A\000p\000p\000r\000o\000a\000c\000h}{section.7}% 50
\BOOKMARK [3][-]{subsubsection.7.2.1}{\376\377\000V\000a\000r\000i\000a\000t\000i\000o\000n\000a\000l\000\040\000P\000r\000i\000n\000c\000i\000p\000l\000e}{subsection.7.2}% 51
\BOOKMARK [3][-]{subsubsection.7.2.2}{\376\377\000H\000a\000r\000t\000r\000e\000e\000-\000F\000o\000c\000k\000\040\000f\000o\000r\000\040\000M\000u\000l\000t\000i\000-\000E\000l\000e\000c\000t\000r\000o\000n\000\040\000S\000y\000s\000t\000e\000m\000s}{subsection.7.2}% 52
\BOOKMARK [2][-]{subsection.7.3}{\376\377\000C\000o\000m\000p\000a\000r\000i\000s\000o\000n\000\040\000o\000f\000\040\000M\000e\000t\000h\000o\000d\000s}{section.7}% 53
\BOOKMARK [2][-]{subsection.7.4}{\376\377\000E\000l\000e\000c\000t\000r\000o\000n\000-\000P\000r\000o\000t\000o\000n\000-\000N\000e\000u\000t\000r\000o\000n\000\040\000S\000y\000s\000t\000e\000m\000\040\000A\000n\000a\000l\000y\000s\000i\000s}{section.7}% 54
\BOOKMARK [2][-]{subsection.7.5}{\376\377\000T\000h\000r\000e\000e\000-\000E\000l\000e\000c\000t\000r\000o\000n\000\040\000S\000y\000s\000t\000e\000m\000\040\000\050\000L\000i\000t\000h\000i\000u\000m\000\051}{section.7}% 55
\BOOKMARK [2][-]{subsection.7.6}{\376\377\000K\000e\000y\000\040\000Q\000u\000a\000n\000t\000u\000m\000\040\000E\000f\000f\000e\000c\000t\000s\000\040\000M\000i\000s\000s\000i\000n\000g\000\040\000i\000n\000\040\000C\000l\000a\000s\000s\000i\000c\000a\000l\000\040\000S\000i\000m\000u\000l\000a\000t\000i\000o\000n}{section.7}% 56
\BOOKMARK [1][-]{section.8}{\376\377\000N\000u\000m\000e\000r\000i\000c\000a\000l\000\040\000M\000e\000t\000h\000o\000d\000s\000\040\000f\000o\000r\000\040\000Q\000u\000a\000n\000t\000u\000m\000\040\000S\000i\000m\000u\000l\000a\000t\000i\000o\000n}{}% 57
\BOOKMARK [2][-]{subsection.8.1}{\376\377\000S\000h\000o\000o\000t\000i\000n\000g\000\040\000M\000e\000t\000h\000o\000d\000\040\000f\000o\000r\000\040\000R\000a\000d\000i\000a\000l\000\040\000E\000q\000u\000a\000t\000i\000o\000n\000s}{section.8}% 58
\BOOKMARK [2][-]{subsection.8.2}{\376\377\000V\000a\000r\000i\000a\000t\000i\000o\000n\000a\000l\000\040\000M\000o\000n\000t\000e\000\040\000C\000a\000r\000l\000o}{section.8}% 59
\BOOKMARK [2][-]{subsection.8.3}{\376\377\000B\000a\000s\000i\000s\000\040\000S\000e\000t\000\040\000E\000x\000p\000a\000n\000s\000i\000o\000n}{section.8}% 60
\BOOKMARK [1][-]{section.9}{\376\377\000A\000p\000p\000l\000i\000c\000a\000t\000i\000o\000n\000s\000\040\000t\000o\000\040\000S\000p\000e\000c\000i\000f\000i\000c\000\040\000S\000y\000s\000t\000e\000m\000s}{}% 61
\BOOKMARK [2][-]{subsection.9.1}{\376\377\000E\000l\000e\000c\000t\000r\000o\000n\000-\000P\000r\000o\000t\000o\000n\000-\000N\000e\000u\000t\000r\000o\000n\000\040\000\050\000e\000-\000p\000-\000n\000\051\000\040\000S\000y\000s\000t\000e\000m}{section.9}% 62
\BOOKMARK [2][-]{subsection.9.2}{\376\377\000T\000h\000r\000e\000e\000-\000E\000l\000e\000c\000t\000r\000o\000n\000\040\000A\000t\000o\000m\000\040\000\050\000L\000i\000t\000h\000i\000u\000m\000\051}{section.9}% 63
\BOOKMARK [1][-]{section.10}{\376\377\000C\000o\000n\000c\000l\000u\000s\000i\000o\000n}{}% 64
\BOOKMARK [2][-]{subsection.10.1}{\376\377\000K\000e\000y\000\040\000F\000i\000n\000d\000i\000n\000g\000s}{section.10}% 65
\BOOKMARK [2][-]{subsection.10.2}{\376\377\000R\000e\000c\000o\000m\000m\000e\000n\000d\000a\000t\000i\000o\000n\000s}{section.10}% 66
\BOOKMARK [2][-]{subsection.10.3}{\376\377\000F\000u\000t\000u\000r\000e\000\040\000D\000i\000r\000e\000c\000t\000i\000o\000n\000s}{section.10}% 67
\BOOKMARK [1][-]{appendix.A}{\376\377\000M\000a\000t\000h\000e\000m\000a\000t\000i\000c\000a\000l\000\040\000A\000p\000p\000e\000n\000d\000i\000c\000e\000s}{}% 68
\BOOKMARK [2][-]{subsection.A.1}{\376\377\000G\000a\000m\000m\000a\000\040\000M\000a\000t\000r\000i\000x\000\040\000I\000d\000e\000n\000t\000i\000t\000i\000e\000s}{appendix.A}% 69
\BOOKMARK [2][-]{subsection.A.2}{\376\377\000U\000s\000e\000f\000u\000l\000\040\000I\000n\000t\000e\000g\000r\000a\000l\000s}{appendix.A}% 70
\BOOKMARK [2][-]{subsection.A.3}{\376\377\000P\000h\000y\000s\000i\000c\000a\000l\000\040\000C\000o\000n\000s\000t\000a\000n\000t\000s}{appendix.A}% 71
